Posting random tweet (index 481):
----------------------------------------
You do Not Even Need to Be The Best

You just Need

The Most Endurance The Toughest The Last Man Standing

Life is a

War of Attrition

No one Talks about this.
----------------------------------------
Tweet posted successfully. Tweet ID: 1998065428984123529
Posting random tweet (index 990):
----------------------------------------
This just Sent a Complete Panic Thru The Population.

Tattoos Scraped Off.

Friendships Broken.

Deep soy and Big Pharma Ducked for Coverhttps://twitter.com/MichaelPorfirio/status/961153060256014336 …
----------------------------------------
Tweet posted successfully. Tweet ID: 1998067948204773451
Selected random tweet index: 772
Posting:
----------------------------------------
No one Talks about this.

Because Most guys do Not have their

Brain Synapses Sparked

With Cigarettes.

Most guys have

"soy Brain" …
----------------------------------------
Posting:
----------------------------------------
No soy is Allowed to Enter My Village by The Sea.

Or Weesh dudes.

The Original "Tariffs".
----------------------------------------
ERROR: Rate limited (429). Try again later.
Posting:
----------------------------------------
Most people do Not Know shit about

Surfing Perfect Waves in a

Village by The Sea in The Jungle

At Sunrise

And Cooking Up

Fresh Fish on The Beach
----------------------------------------
ERROR: Rate limited (429). Try again later.
Posting:
----------------------------------------
If someone says

"I Am so Excited about The Blockchain!!!!!!!!"

Avoid.

Think about it.

How Boring does one's Life have to Be for them to be

"so Excited about The Blockchain!!!!!!!!"

Just Throw Number in Trash.

Mos are just Not Willing to Come to Terms with this.
----------------------------------------
ERROR: Rate limited (429). Try again later.
Posting:
----------------------------------------
If a "man" tells you he cant Go Out because that Night is his Wife's

"Girls Night Out!"

You have to Realize You are not talking to a Man anymore.

You are Talking to soy.
----------------------------------------
ERROR: Rate limited (429). Try again later.
Posting:
----------------------------------------
Vegans are fucking Idiots.

And I Am Not talking about their Food beliefs.

I do Not give a fuck about that shit.

Their Brain Synapses are Not Sparked.

Slow.

No one talks about this Angle.
----------------------------------------
ERROR: Rate limited (429). Try again later.
Posting:
----------------------------------------
Most people Hate Mondays.

I Love Mondays.

All the Idiots of The World are Back at Work.

And for Me there is

Tranquility and

Heavenly Glory

In My Village by The Sea.
----------------------------------------
ERROR: Rate limited (429). Try again later.
Posting:
----------------------------------------
I Love Sea Turtles.

Most would Not Be Honest enough to admit something like this.

If you fuck with their Eggs on The Beach you Get Butchered.

A Sea Turtle Saved Me from Drowning when I was Younger.

True Story.

This is a Painting that Looks somewhat like That Moment.
----------------------------------------
ERROR: Rate limited (429). Try again later.
Posting:
----------------------------------------
Thank God for

Coachella

All The Idiots of The World

Are Far Away from

Me

And

My Village by The Sea
----------------------------------------
ERROR: Rate limited (429). Try again later.
Posting:
----------------------------------------
I do a Ton of Heavy

Underwater Workouts

Breath Holds

Most guys Never do this.

Most guys just Stay "under" a guy named "Walter"

And Eat Tons of soy.

Its Diabolical what Deep soy, Big Tech, Big Pharma and The Smoking Ban have done to The Millennials.

Its so Weesh.
----------------------------------------
ERROR: Rate limited (429). Try again later.
Posting:
----------------------------------------
I Honestly do Not give a fuck about

"The Winter Olympics"

I Wont Watch a second of it.

I Only care about Swooping Mass Amounts of Beautiful Russian girls in My Villages by The Sea this Winter.

The Original "Winter Olympics".

This is a Painting of Me taking Home "The Gold".
----------------------------------------
ERROR: Rate limited (429). Try again later.
Posting:
----------------------------------------
Beautiful girl:

"How is it that a Man like you has Never Been Married?"

Me:

"I could Never Seem to Find The Time."
----------------------------------------
ERROR: Rate limited (429). Try again later.
Posting:
----------------------------------------
I Honestly do Not even Know what the fuck "Spotify" even is.

Sounds so Weesh.

Probably something to get The Millennials to Eat More soy.

And Swoop More dudes.

Classic Deep soy Redirection.

I Refuse to Look it Up.
----------------------------------------
ERROR: Rate limited (429). Try again later.
Posting:
----------------------------------------
If you are Going to Have a Stupid fucking Haircut

Better Not be an Idiot as well.

Because then you are an

Idiot with a Stupid fucking Haircut

And that is Not a Good Way to Go Thru Life.

Most people are Idiots with a Stupid fucking Haircuts.

These fucking Millennials.

soy
----------------------------------------
ERROR: Rate limited (429). Try again later.
Posting:
----------------------------------------
Swooping Mass Amounts of Beautiful girls is Easy.

You Know what is fucking Difficult?

Running a Beautiful Garden

In a Village by The Sea.

So Many fucking Insects.

Most will Never Understand this.

And Most would Not Be Honest enough to Admit something like this.
----------------------------------------
ERROR: Rate limited (429). Try again later.
Posting:
----------------------------------------
Starbucks?

More like

"soy-bucks".
----------------------------------------
ERROR: Rate limited (429). Try again later.
Posting:
----------------------------------------
Most of these

"Internet Sensations"

that Most people are Constantly yapping about are Really just

"Internet soy-Sations"

Controlled by Deep soy

Most people are just Not Willing to Come to Terms with this.
----------------------------------------
ERROR: Rate limited (429). Try again later.
Posting:
----------------------------------------
One should do

Calisthenics

Everyday

I would give this as Actionable Advice but Most Millennial guys just get Confused and Swoop a French guy named

"Calis" "then" a guy named "Nick"

instead.

These Millennials can Not Take Direction.

Have to Be Real Specific for these guys
----------------------------------------
ERROR: Rate limited (429). Try again later.
Posting:
----------------------------------------
Beautiful girl:

"Why did you Throw your Rocks Glass at that World Famous DJ?"

Me:

"He Only got Tattoos and Grew a Beard after it was Safe to Do So."
----------------------------------------
ERROR: Rate limited (429). Try again later.
Posting:
----------------------------------------
I Usually Start Wed with

Mass Pull Ups Tree Top Combat

Most guys will Never do this

Most guys just "pull up" soy

in their mouths

And "pull up" dudes to Swoop them.

Its Diabolical what Deep soy has done to The Millennials.

Most guys have Zero Fast-Twitch Muscle Fibers.
----------------------------------------
ERROR: Rate limited (429). Try again later.
Posting:
----------------------------------------
No one on Earth has a Better Life than I Do.

#1 Spot on The Planet

The #2-50 people with Best Lives on Earth After Me

are My Custom Suits

I do Not even Know who the fuck #51 is

Run The Numbers

I Grow My Own Turmeric
----------------------------------------
ERROR: Rate limited (429). Try again later.
Posting:
----------------------------------------
I Eat a Ton of Fresh Angulas

Caught Fresh in My Village by The Sea.

The Original "TRT".

I Rarely Talk about this.

Most people do Not Know shit about Fresh Angulas.

Most guys Only Know soy.

And Most guys have Zero Fast-Twitch Muscle Fibers.

And Zero Punching Power.
----------------------------------------
ERROR: Rate limited (429). Try again later.
Posting:
----------------------------------------
Only The Devil and I Know

the Whereabouts of My Treasure

and The One of Us who Lives the Longest

Should Take it All.
----------------------------------------
ERROR: Rate limited (429). Try again later.
Posting:
----------------------------------------
I Am Life.

I Am Death.

I Give Everything.

But I Take All.

Tread Lightly in

My Village by The Sea.
----------------------------------------
ERROR: Rate limited (429). Try again later.
Posting:
----------------------------------------
If you are Not Constantly

Humbled by Nature

You are Not

Spending Enough Time in Nature
----------------------------------------
ERROR: Rate limited (429). Try again later.
Posting:
----------------------------------------
Most people do Not Know shit about

Real Foot Functionality
----------------------------------------
ERROR: Rate limited (429). Try again later.
Posting:
----------------------------------------
I Have been Meticulously Planning Taking Over 3+ Villages by The Sea this Summer

To Add to My 4 Villages by The Sea that I Already Run like Fiefdoms

12+ Months in The Making

Run The fucking Numbers

I Have a Federation of Fiefdoms

By The Sea.

No one Else Out There Does This.
----------------------------------------
ERROR: Rate limited (429). Try again later.
Posting:
----------------------------------------
Most people do Not even Realize

that Sometimes I Order Beers

Most would Not be Honest enough to admit this

However, I Never Drink them.

I Only Throw them at Weesh World Famous DJs

when I Need some Variety from Throwing Rocks Glasses at Weesh DJs

The Original "Drone".
----------------------------------------
ERROR: Rate limited (429). Try again later.
Posting:
----------------------------------------
Silverback Gorrilla:

"Great to See You Again.

When We were Babies We used to have Intelligent Conversations about 'Muscle Density' together.

Do you Remember?"

Me:

"Yes."
----------------------------------------
ERROR: Rate limited (429). Try again later.
Posting:
----------------------------------------
Most guys have

Zero Neck Strength and do

Zero Neck Bridges

Most Millennial guys would rather just Swoop Weesh dudes named

"Nick Bridges"

instead.

And Eat soy.

You Need to do Mass Neck Bridges.

Now this is Actionable Advice.

The Original "Travel Neck Pillow".
----------------------------------------
ERROR: Rate limited (429). Try again later.
Posting:
----------------------------------------
I Eat a Ton of

Organ Meats

In My Village by The Sea.

I would Give this as

Actionable Advice

But Most guys will just get Confused and Swoop Tons of Weesh dudes from "Oregon"

And Eat Tons of soy

Instead

Its Completely Horrible what Deep soy has done to The Millennials.
----------------------------------------
ERROR: Rate limited (429). Try again later.
Posting:
----------------------------------------
I fucking Hate

Aphids.

Most guys Look Exactly like

Aphids.
----------------------------------------
ERROR: Rate limited (429). Try again later.
Posting:
----------------------------------------
"Personal Trainer guys" are so Weesh.

So Glam.

Zero Toughness

They just Rub soy Oil on themselves and take Gay Selfies

And Swoop dudes.

Non Stop.



And Eat soy.

Non Stop.

I Train in The Jungle and The Ocean

In My Village by The Sea.

The Original "Personal Trainers".
----------------------------------------
ERROR: Rate limited (429). Try again later.
Posting:
----------------------------------------
I Usually Start Wed with

Open Ocean Free Dive Ocean Combat Mass Pull Ups

Most guys will Never do this

Most guys just "dive" into "free soy"

& "dive" on top of dudes to Swoop

Its Diabolical what Deep soy, Big Tech, Big Pharma and The Smoking Ban have done to The Millennials
----------------------------------------
ERROR: Rate limited (429). Try again later.
Posting:
----------------------------------------
Millennials?

More like

"soy-llennials"
----------------------------------------
ERROR: Rate limited (429). Try again later.
Posting:
----------------------------------------
If there is One Thing I Have Learned in Life

is that you Have to

Swoop Mass Amounts of Beautiful girls

if Not

What the fuck are you a Millionaire for?

Most guys are doing this Whole "Millionaire thing"

Completely Wrong

No one talks about something like this

But Me.

Oils
----------------------------------------
ERROR: Rate limited (429). Try again later.
Posting:
----------------------------------------
Think about it.

How Unlikable does your Personality have to Be for you to Be a Millionaire

And Not have 50+ Beautiful girls Cooking at All Times?

Minimum.

Most people do Not ask themselves The Hard Questions.

No one is as Critical of their Fellow Millionaires as Me.

Mirror
----------------------------------------
ERROR: Rate limited (429). Try again later.
Posting:
----------------------------------------
Weesh Service Industry Worker girl:

"I am Sorry Sir, but can you put On a Shirt?"

Me:

"No."
----------------------------------------
ERROR: Rate limited (429). Try again later.
Posting:
----------------------------------------
If there is One Thing I Have Learned in Life

is that you Have to

Swoop Mass Amounts of Beautiful girls

if Not

What the fuck are you a Millionaire for?

Most guys are doing this Whole "Millionaire thing"

Completely Wrong

No one talks about something like this

But Me.

Oils
----------------------------------------
ERROR: Rate limited (429). Try again later.
Posting:
----------------------------------------
This Time of Year I Am in a Constant State of

WAR

Most guys are in a Constant State of

soy

I Am Constantly Ambushing My Enemies

in The Valleys and Canyons in

My Village by The Sea

Its Basically All I Do

Like The Vietnamese

This is a Painting of this.
----------------------------------------
ERROR: Rate limited (429). Try again later.
Posting:
----------------------------------------
The Problem with these Millennials is you Give them

Actionable Advice

like doing

Fasted Cardio

And then these Millennial "guys" turn around and

Try to Swoop "fast" a guy named "Ed" and "Mario".

These Millennials just can Not do Anything right.

Deep soy is to Blame.
----------------------------------------
ERROR: Rate limited (429). Try again later.
Posting:
----------------------------------------
Beautiful girl:

"Can My Girlfriend come to the Beach with Us Tomorrow for an Open Ocean Free Dive?

She is a Model too."

Me:

"Yes."
----------------------------------------
ERROR: Rate limited (429). Try again later.
Posting:
----------------------------------------
Weesh dude:

"Can you at Least Tell me Where your Village by The Sea is?"

Me:

"No."
----------------------------------------
ERROR: Rate limited (429). Try again later.
Posting:
----------------------------------------
If I Am Introduced to someone

And they Look Down at their soyPhone

Not Paying Attention

I Slap their fucking soyPhone Out of their Hands.

Sometimes I Will Bitch Slap them 1-7+ Times as Well.

Case by Case

No one has Slapped More soyPhones Out of Weesh dudes Hands than Me.
----------------------------------------
ERROR: Rate limited (429). Try again later.
Posting:
----------------------------------------
Stop looking for "gurus" to follow.

“Absorb what is Useful, Discard what is Not, Add what is Uniquely your Own.”

Most people will Never do this.
----------------------------------------
ERROR: Rate limited (429). Try again later.
Posting:
----------------------------------------
Weesh girl with Weesh dude from d grade landlocked, Applebees place:

"Can you take a photo of us?"

Me: "No."
----------------------------------------
Tweet posted. ID: 1998211287981887635
Posting:
----------------------------------------
Fixation is The Way to Death.

Fluidity is The Way to Life.

Fluid.

Liquid.

Most people will Never Understand something like this.
----------------------------------------
Tweet posted. ID: 1998213806841896979
Posting:
----------------------------------------
Beautiful girl:

"Sorry, My uber Driver is an Idiot and Driving so Slow."

Me:

"Good.

More Time for Me to Light a Cigarette and be Grateful I Am still Alive as I Suck The Smoke Deep into My Lungs."
----------------------------------------
Tweet posted. ID: 1998216325710200858
Posting:
----------------------------------------
The Biggest Problem with these Millennials is you Give them

Actionable Advice

like Eating Tons of

Fresh Fish

then these Millennial "guys" turn around and

Try to Swoop a "freshman" Jewish guy named "Frischman"

And Eat a soy Brunch with him

Not a Good Way to Go Thru Life
----------------------------------------
Tweet posted. ID: 1998218844813320647
Posting:
----------------------------------------
No one has Done More to Help Millenials than Me.

Problem with Millenials is they Accepted without even a fight

soy Skinny jeans Swooping dudes The Smoking Ban Affliction shirts Tinder Big tech Acting Weesh Saying Weesh things

So Millenials Really Only have themselves to Blame
----------------------------------------
Tweet posted. ID: 1998221445583765709
